  compilation header save succeeded; see D:\FullSail\Month 16\Game Networking\Labs\0203 GNW Lab Suite Chat1510\0203 GNW Lab Suite Chat1510\GNWLabSuite\GNWLabSuite\hud_frag.csh
  compilation object save succeeded; see D:\FullSail\Month 16\Game Networking\Labs\0203 GNW Lab Suite Chat1510\0203 GNW Lab Suite Chat1510\GNWLabSuite\x64\Debug\hud_frag.cso
  compilation header save succeeded; see D:\FullSail\Month 16\Game Networking\Labs\0203 GNW Lab Suite Chat1510\0203 GNW Lab Suite Chat1510\GNWLabSuite\GNWLabSuite\hud_vert.csh
  compilation object save succeeded; see D:\FullSail\Month 16\Game Networking\Labs\0203 GNW Lab Suite Chat1510\0203 GNW Lab Suite Chat1510\GNWLabSuite\x64\Debug\hud_vert.cso
  compilation header save succeeded; see D:\FullSail\Month 16\Game Networking\Labs\0203 GNW Lab Suite Chat1510\0203 GNW Lab Suite Chat1510\GNWLabSuite\GNWLabSuite\pixelated_frag.csh
  compilation object save succeeded; see D:\FullSail\Month 16\Game Networking\Labs\0203 GNW Lab Suite Chat1510\0203 GNW Lab Suite Chat1510\GNWLabSuite\x64\Debug\pixelated_frag.cso
  compilation header save succeeded; see D:\FullSail\Month 16\Game Networking\Labs\0203 GNW Lab Suite Chat1510\0203 GNW Lab Suite Chat1510\GNWLabSuite\GNWLabSuite\pixelated_vert.csh
  compilation object save succeeded; see D:\FullSail\Month 16\Game Networking\Labs\0203 GNW Lab Suite Chat1510\0203 GNW Lab Suite Chat1510\GNWLabSuite\x64\Debug\pixelated_vert.cso
  compilation header save succeeded; see D:\FullSail\Month 16\Game Networking\Labs\0203 GNW Lab Suite Chat1510\0203 GNW Lab Suite Chat1510\GNWLabSuite\GNWLabSuite\screen_frag.csh
  compilation object save succeeded; see D:\FullSail\Month 16\Game Networking\Labs\0203 GNW Lab Suite Chat1510\0203 GNW Lab Suite Chat1510\GNWLabSuite\x64\Debug\screen_frag.cso
  compilation header save succeeded; see D:\FullSail\Month 16\Game Networking\Labs\0203 GNW Lab Suite Chat1510\0203 GNW Lab Suite Chat1510\GNWLabSuite\GNWLabSuite\screen_vert.csh
  compilation object save succeeded; see D:\FullSail\Month 16\Game Networking\Labs\0203 GNW Lab Suite Chat1510\0203 GNW Lab Suite Chat1510\GNWLabSuite\x64\Debug\screen_vert.cso
  compilation header save succeeded; see D:\FullSail\Month 16\Game Networking\Labs\0203 GNW Lab Suite Chat1510\0203 GNW Lab Suite Chat1510\GNWLabSuite\GNWLabSuite\sprite_sheet_frag.csh
  compilation object save succeeded; see D:\FullSail\Month 16\Game Networking\Labs\0203 GNW Lab Suite Chat1510\0203 GNW Lab Suite Chat1510\GNWLabSuite\x64\Debug\sprite_sheet_frag.cso
  compilation header save succeeded; see D:\FullSail\Month 16\Game Networking\Labs\0203 GNW Lab Suite Chat1510\0203 GNW Lab Suite Chat1510\GNWLabSuite\GNWLabSuite\sprite_sheet_vert.csh
  compilation object save succeeded; see D:\FullSail\Month 16\Game Networking\Labs\0203 GNW Lab Suite Chat1510\0203 GNW Lab Suite Chat1510\GNWLabSuite\x64\Debug\sprite_sheet_vert.cso
  XTime.cpp
  TCPChatServer.cpp
d:\fullsail\month 16\game networking\labs\0203 gnw lab suite chat1510\0203 gnw lab suite chat1510\gnwlabsuite\gnwlabsuite\tcpchatserver.cpp(17): warning C4244: '=': conversion from 'SOCKET' to 'int', possible loss of data
d:\fullsail\month 16\game networking\labs\0203 gnw lab suite chat1510\0203 gnw lab suite chat1510\gnwlabsuite\gnwlabsuite\tcpchatserver.cpp(19): warning C4305: 'return': truncation from 'int' to 'bool'
d:\fullsail\month 16\game networking\labs\0203 gnw lab suite chat1510\0203 gnw lab suite chat1510\gnwlabsuite\gnwlabsuite\tcpchatserver.cpp(28): warning C4305: 'return': truncation from 'int' to 'bool'
d:\fullsail\month 16\game networking\labs\0203 gnw lab suite chat1510\0203 gnw lab suite chat1510\gnwlabsuite\gnwlabsuite\tcpchatserver.cpp(33): warning C4305: 'return': truncation from 'int' to 'bool'
d:\fullsail\month 16\game networking\labs\0203 gnw lab suite chat1510\0203 gnw lab suite chat1510\gnwlabsuite\gnwlabsuite\tcpchatserver.cpp(49): warning C4244: '=': conversion from 'SOCKET' to 'int', possible loss of data
d:\fullsail\month 16\game networking\labs\0203 gnw lab suite chat1510\0203 gnw lab suite chat1510\gnwlabsuite\gnwlabsuite\tcpchatserver.cpp(56): warning C4309: '=': truncation of constant value
d:\fullsail\month 16\game networking\labs\0203 gnw lab suite chat1510\0203 gnw lab suite chat1510\gnwlabsuite\gnwlabsuite\tcpchatserver.cpp(79): warning C4309: '=': truncation of constant value
d:\fullsail\month 16\game networking\labs\0203 gnw lab suite chat1510\0203 gnw lab suite chat1510\gnwlabsuite\gnwlabsuite\tcpchatserver.cpp(99): warning C4101: 'numList': unreferenced local variable
  TCPChatClient.cpp
  NetDefines.cpp
  MainMenu.cpp
  main.cpp
d:\fullsail\month 16\game networking\labs\0203 gnw lab suite chat1510\0203 gnw lab suite chat1510\gnwlabsuite\gnwlabsuite\main.cpp(111): warning C4838: conversion from 'unsigned int' to 'LONG' requires a narrowing conversion
  D3DInterface.cpp
  ChatLobby.cpp
  Generating Code...
DirectXTKdebug64.lib(CommonStates.obj) : warning LNK4099: PDB 'DirectXTK.pdb' was not found with 'DirectXTKdebug64.lib(CommonStates.obj)' or at 'D:\FullSail\Month 16\Game Networking\Labs\0203 GNW Lab Suite Chat1510\0203 GNW Lab Suite Chat1510\GNWLabSuite\x64\Debug\DirectXTK.pdb'; linking object as if no debug info
DirectXTKdebug64.lib(DDSTextureLoader.obj) : warning LNK4099: PDB 'DirectXTK.pdb' was not found with 'DirectXTKdebug64.lib(DDSTextureLoader.obj)' or at 'D:\FullSail\Month 16\Game Networking\Labs\0203 GNW Lab Suite Chat1510\0203 GNW Lab Suite Chat1510\GNWLabSuite\x64\Debug\DirectXTK.pdb'; linking object as if no debug info
DirectXTKdebug64.lib(BinaryReader.obj) : warning LNK4099: PDB 'DirectXTK.pdb' was not found with 'DirectXTKdebug64.lib(BinaryReader.obj)' or at 'D:\FullSail\Month 16\Game Networking\Labs\0203 GNW Lab Suite Chat1510\0203 GNW Lab Suite Chat1510\GNWLabSuite\x64\Debug\DirectXTK.pdb'; linking object as if no debug info
DirectXTKdebug64.lib(pch.obj) : warning LNK4099: PDB 'DirectXTK.pdb' was not found with 'DirectXTKdebug64.lib(pch.obj)' or at 'D:\FullSail\Month 16\Game Networking\Labs\0203 GNW Lab Suite Chat1510\0203 GNW Lab Suite Chat1510\GNWLabSuite\x64\Debug\DirectXTK.pdb'; linking object as if no debug info
DirectXTKdebug64.lib(SpriteBatch.obj) : warning LNK4099: PDB 'DirectXTK.pdb' was not found with 'DirectXTKdebug64.lib(SpriteBatch.obj)' or at 'D:\FullSail\Month 16\Game Networking\Labs\0203 GNW Lab Suite Chat1510\0203 GNW Lab Suite Chat1510\GNWLabSuite\x64\Debug\DirectXTK.pdb'; linking object as if no debug info
DirectXTKdebug64.lib(SpriteFont.obj) : warning LNK4099: PDB 'DirectXTK.pdb' was not found with 'DirectXTKdebug64.lib(SpriteFont.obj)' or at 'D:\FullSail\Month 16\Game Networking\Labs\0203 GNW Lab Suite Chat1510\0203 GNW Lab Suite Chat1510\GNWLabSuite\x64\Debug\DirectXTK.pdb'; linking object as if no debug info
DirectXTKdebug64.lib(VertexTypes.obj) : warning LNK4099: PDB 'DirectXTK.pdb' was not found with 'DirectXTKdebug64.lib(VertexTypes.obj)' or at 'D:\FullSail\Month 16\Game Networking\Labs\0203 GNW Lab Suite Chat1510\0203 GNW Lab Suite Chat1510\GNWLabSuite\x64\Debug\DirectXTK.pdb'; linking object as if no debug info
  GNWLabSuite.vcxproj -> D:\FullSail\Month 16\Game Networking\Labs\0203 GNW Lab Suite Chat1510\0203 GNW Lab Suite Chat1510\GNWLabSuite\x64\Debug\GNWLabSuite.exe
